TN:
SF:src\UUIDv4\index.ts
FN:10,isUUIDv4Like
FN:45,UUIDv4
FN:29,UUIDv4._throwInvalidIdError
FN:67,UUIDv4.refreshId
FN:82,UUIDv4.validate
FN:93,get
FN:97,set
FN:58,UUIDv4.generate
FNF:8
FNH:5
FNDA:0,isUUIDv4Like
FNDA:5,UUIDv4
FNDA:3,UUIDv4._throwInvalidIdError
FNDA:0,UUIDv4.refreshId
FNDA:2,UUIDv4.validate
FNDA:1,get
FNDA:0,set
FNDA:4,UUIDv4.generate
DA:1,1
DA:2,1
DA:3,1
DA:4,1
DA:5,1
DA:6,1
DA:7,1
DA:8,1
DA:9,1
DA:10,1
DA:11,0
DA:12,0
DA:13,1
DA:14,1
DA:15,1
DA:16,1
DA:17,1
DA:18,1
DA:19,1
DA:20,1
DA:21,1
DA:22,1
DA:23,1
DA:24,1
DA:25,1
DA:26,1
DA:27,1
DA:28,1
DA:29,1
DA:30,3
DA:31,3
DA:32,2
DA:33,2
DA:34,1
DA:35,1
DA:36,1
DA:37,1
DA:38,1
DA:39,1
DA:40,1
DA:41,1
DA:42,1
DA:43,1
DA:44,1
DA:45,1
DA:46,5
DA:47,2
DA:48,2
DA:49,2
DA:50,2
DA:51,5
DA:52,5
DA:53,1
DA:54,1
DA:55,1
DA:56,1
DA:57,1
DA:58,1
DA:59,1
DA:60,124
DA:61,124
DA:62,1
DA:63,1
DA:64,1
DA:65,1
DA:66,1
DA:67,1
DA:68,0
DA:69,1
DA:70,1
DA:71,1
DA:72,1
DA:73,1
DA:74,1
DA:75,1
DA:76,1
DA:77,1
DA:78,1
DA:79,1
DA:80,1
DA:81,1
DA:82,1
DA:83,2
DA:84,2
DA:85,0
DA:86,2
DA:87,1
DA:88,1
DA:89,1
DA:90,1
DA:91,1
DA:92,1
DA:93,1
DA:94,1
DA:95,1
DA:96,1
DA:97,1
DA:98,0
DA:99,0
DA:100,0
DA:101,1
LF:101
LH:94
BRDA:101,0,0,1
BRDA:18,1,0,1
BRDA:45,2,0,5
BRDA:46,3,0,2
BRDA:50,4,0,0
BRDA:51,5,0,3
BRDA:29,6,0,3
BRDA:31,7,0,2
BRDA:33,8,0,1
BRDA:82,9,0,2
BRDA:83,10,0,0
BRDA:84,11,0,0
BRDA:93,12,0,1
BRDA:58,13,0,4
BRDA:59,14,0,124
BRDA:61,15,0,120
BRDA:61,16,0,4
BRF:17
BRH:14
end_of_record
